2020-08-10 11:16:51,906 INFO  [log] 4 and 5
2020-08-10 11:16:51,964 INFO  [log] DTsr001
2020-08-10 11:16:51,964 INFO  [log] AR onePlus 7
2020-08-10 11:16:57,583 INFO  [log] Status: FINISHED, time taken for TestCase was: 5487 ms
2020-08-10 11:16:57,607 INFO  [log] Number of test steps which ran: 5
2020-08-10 11:16:57,619 INFO  [log] DTsr002
2020-08-10 11:16:57,619 INFO  [log] AR onePlus 8
2020-08-10 11:17:03,270 INFO  [log] Status: FINISHED, time taken for TestCase was: 5620 ms
2020-08-10 11:17:03,276 INFO  [log] Number of test steps which ran: 5
2020-08-10 11:17:03,277 INFO  [log] DTsr003
2020-08-10 11:17:03,279 INFO  [log] AR MacBook
2020-08-10 11:17:08,479 INFO  [log] Status: FINISHED, time taken for TestCase was: 5178 ms
2020-08-10 11:17:08,480 INFO  [log] Number of test steps which ran: 5
2020-08-10 11:17:08,997 INFO  [log] <Results>
    <ResultSet fetchSize="0">
        <Row rowNumber="1">
            <PRODUCTS.SKU>DBsku001</PRODUCTS.SKU>
            <PRODUCTS.NAME>AR Apple ipad</PRODUCTS.NAME>
            <PRODUCTS.PRICE>40000</PRODUCTS.PRICE>
            <PRODUCTS.ATTRIBUTESETID>4</PRODUCTS.ATTRIBUTESETID>
            <PRODUCTS.TYPEID>simple</PRODUCTS.TYPEID>
        </Row>
        <Row rowNumber="2">
            <PRODUCTS.SKU>DBsku002</PRODUCTS.SKU>
            <PRODUCTS.NAME>AR Apple macbook</PRODUCTS.NAME>
            <PRODUCTS.PRICE>940000</PRODUCTS.PRICE>
            <PRODUCTS.ATTRIBUTESETID>4</PRODUCTS.ATTRIBUTESETID>
            <PRODUCTS.TYPEID>simple</PRODUCTS.TYPEID>
        </Row>
    </ResultSet>
</Results>

2020-08-10 11:17:09,356 INFO  [log] 2
2020-08-10 11:17:09,471 INFO  [log] 1
2020-08-10 11:17:09,476 INFO  [log] DBsku001
2020-08-10 11:17:09,490 INFO  [log] AR Apple ipad
2020-08-10 11:17:14,079 INFO  [log] Status: FINISHED, time taken for TestCase was: 4561 ms
2020-08-10 11:17:14,081 INFO  [log] Number of test steps which ran: 5
2020-08-10 11:17:14,110 INFO  [log] 2
2020-08-10 11:17:14,115 INFO  [log] DBsku002
2020-08-10 11:17:14,117 INFO  [log] AR Apple macbook
2020-08-10 11:17:19,272 INFO  [log] Status: FINISHED, time taken for TestCase was: 5119 ms
2020-08-10 11:17:19,275 INFO  [log] Number of test steps which ran: 5
2020-08-10 11:17:24,155 INFO  [log] Status: FINISHED, time taken for TestCase was: 4773 ms
2020-08-10 11:17:24,158 INFO  [log] Number of test steps which ran: 5
