2020-08-10 11:16:20,630 WARN  [SoapUI] Missing folder [C:\Users\AnithaRaman\Desktop\SDET\API\SOAP_Project\Project\my-app\ext] for external libraries
2020-08-10 11:16:20,954 INFO  [DefaultSoapUICore] initialized soapui-settings from [C:\Users\AnithaRaman\soapui-settings.xml]
2020-08-10 11:16:21,524 WARN  [SoapUI] Plugin 'ready-uxm-plugin-os-1.0.3.jar' is not loaded because it hasn't been signed by SmartBear Software.
2020-08-10 11:16:22,481 INFO  [PluginManager] Adding plugin from [C:\Users\AnithaRaman\.soapuios\plugins\readyapi-postman-1.0.1.jar]
2020-08-10 11:16:22,481 INFO  [PluginManager] Adding plugin from [C:\Users\AnithaRaman\.soapuios\plugins\soapui-swagger-plugin-2.2-dist.jar]
2020-08-10 11:16:24,232 ERROR [SoapUI] An error occurred [com.eviware.soapui.plugins.auto.factories.AutoDiscoveryMethodFactory], see error log for details
2020-08-10 11:16:24,238 ERROR [errorlog] java.lang.ClassNotFoundException: com.eviware.soapui.plugins.auto.factories.AutoDiscoveryMethodFactory
java.lang.ClassNotFoundException: com.eviware.soapui.plugins.auto.factories.AutoDiscoveryMethodFactory
	at org.codehaus.plexus.classworlds.strategy.SelfFirstStrategy.loadClass(SelfFirstStrategy.java:50)
	at org.codehaus.plexus.classworlds.realm.ClassRealm.unsynchronizedLoadClass(ClassRealm.java:271)
	at org.codehaus.plexus.classworlds.realm.ClassRealm.loadClass(ClassRealm.java:247)
	at org.codehaus.plexus.classworlds.realm.ClassRealm.loadClass(ClassRealm.java:239)
	at java.lang.Class.forName0(Native Method)
	at java.lang.Class.forName(Class.java:264)
	at com.eviware.soapui.plugins.LoaderBase.loadAutoFactories(LoaderBase.java:113)
	at com.eviware.soapui.plugins.LoaderBase.loadFactories(LoaderBase.java:80)
	at com.eviware.soapui.plugins.PluginLoader.loadPluginFactories(PluginLoader.java:141)
	at com.eviware.soapui.plugins.PluginLoader.loadPlugin(PluginLoader.java:104)
	at com.eviware.soapui.plugins.PluginLoader.loadPlugin(PluginLoader.java:54)
	at com.eviware.soapui.plugins.PluginManager.doInstallPlugin(PluginManager.java:141)
	at com.eviware.soapui.plugins.PluginManager.access$600(PluginManager.java:43)
	at com.eviware.soapui.plugins.PluginManager$LoadPluginsTask.computeSequentially(PluginManager.java:420)
	at com.eviware.soapui.plugins.PluginManager$LoadPluginsTask.compute(PluginManager.java:377)
	at com.eviware.soapui.plugins.PluginManager$LoadPluginsTask.compute(PluginManager.java:382)
	at com.eviware.soapui.plugins.PluginManager$LoadPluginsTask.compute(PluginManager.java:365)
	at java.util.concurrent.RecursiveTask.exec(RecursiveTask.java:94)
	at java.util.concurrent.ForkJoinTask.doExec(ForkJoinTask.java:289)
	at java.util.concurrent.ForkJoinPool$WorkQueue.runTask(ForkJoinPool.java:1056)
	at java.util.concurrent.ForkJoinPool.runWorker(ForkJoinPool.java:1692)
	at java.util.concurrent.ForkJoinWorkerThread.run(ForkJoinWorkerThread.java:157)
2020-08-10 11:16:24,414 ERROR [SoapUI] An error occurred [com.eviware.soapui.plugins.auto.factories.AutoImportMethodFactory], see error log for details
2020-08-10 11:16:24,415 ERROR [errorlog] java.lang.ClassNotFoundException: com.eviware.soapui.plugins.auto.factories.AutoImportMethodFactory
java.lang.ClassNotFoundException: com.eviware.soapui.plugins.auto.factories.AutoImportMethodFactory
	at org.codehaus.plexus.classworlds.strategy.SelfFirstStrategy.loadClass(SelfFirstStrategy.java:50)
	at org.codehaus.plexus.classworlds.realm.ClassRealm.unsynchronizedLoadClass(ClassRealm.java:271)
	at org.codehaus.plexus.classworlds.realm.ClassRealm.loadClass(ClassRealm.java:247)
	at org.codehaus.plexus.classworlds.realm.ClassRealm.loadClass(ClassRealm.java:239)
	at java.lang.Class.forName0(Native Method)
	at java.lang.Class.forName(Class.java:264)
	at com.eviware.soapui.plugins.LoaderBase.loadAutoFactories(LoaderBase.java:113)
	at com.eviware.soapui.plugins.LoaderBase.loadFactories(LoaderBase.java:80)
	at com.eviware.soapui.plugins.PluginLoader.loadPluginFactories(PluginLoader.java:141)
	at com.eviware.soapui.plugins.PluginLoader.loadPlugin(PluginLoader.java:104)
	at com.eviware.soapui.plugins.PluginLoader.loadPlugin(PluginLoader.java:54)
	at com.eviware.soapui.plugins.PluginManager.doInstallPlugin(PluginManager.java:141)
	at com.eviware.soapui.plugins.PluginManager.access$600(PluginManager.java:43)
	at com.eviware.soapui.plugins.PluginManager$LoadPluginsTask.computeSequentially(PluginManager.java:420)
	at com.eviware.soapui.plugins.PluginManager$LoadPluginsTask.compute(PluginManager.java:377)
	at com.eviware.soapui.plugins.PluginManager$LoadPluginsTask.compute(PluginManager.java:382)
	at com.eviware.soapui.plugins.PluginManager$LoadPluginsTask.compute(PluginManager.java:365)
	at java.util.concurrent.RecursiveTask.exec(RecursiveTask.java:94)
	at java.util.concurrent.ForkJoinTask.doExec(ForkJoinTask.java:289)
	at java.util.concurrent.ForkJoinPool$WorkQueue.runTask(ForkJoinPool.java:1056)
	at java.util.concurrent.ForkJoinPool.runWorker(ForkJoinPool.java:1692)
	at java.util.concurrent.ForkJoinWorkerThread.run(ForkJoinWorkerThread.java:157)
2020-08-10 11:16:24,614 ERROR [SoapUI] An error occurred [com.eviware.soapui.plugins.auto.factories.AutoDiscoveryMethodFactory], see error log for details
2020-08-10 11:16:24,616 ERROR [errorlog] java.lang.ClassNotFoundException: com.eviware.soapui.plugins.auto.factories.AutoDiscoveryMethodFactory
java.lang.ClassNotFoundException: com.eviware.soapui.plugins.auto.factories.AutoDiscoveryMethodFactory
	at org.codehaus.plexus.classworlds.strategy.SelfFirstStrategy.loadClass(SelfFirstStrategy.java:50)
	at org.codehaus.plexus.classworlds.realm.ClassRealm.unsynchronizedLoadClass(ClassRealm.java:271)
	at org.codehaus.plexus.classworlds.realm.ClassRealm.loadClass(ClassRealm.java:247)
	at org.codehaus.plexus.classworlds.realm.ClassRealm.loadClass(ClassRealm.java:239)
	at java.lang.Class.forName0(Native Method)
	at java.lang.Class.forName(Class.java:264)
	at com.eviware.soapui.plugins.LoaderBase.loadAutoFactories(LoaderBase.java:113)
	at com.eviware.soapui.plugins.LoaderBase.loadFactories(LoaderBase.java:80)
	at com.eviware.soapui.plugins.PluginLoader.loadPluginFactories(PluginLoader.java:141)
	at com.eviware.soapui.plugins.PluginLoader.loadPlugin(PluginLoader.java:104)
	at com.eviware.soapui.plugins.PluginLoader.loadPlugin(PluginLoader.java:54)
	at com.eviware.soapui.plugins.PluginManager.doInstallPlugin(PluginManager.java:141)
	at com.eviware.soapui.plugins.PluginManager.access$600(PluginManager.java:43)
	at com.eviware.soapui.plugins.PluginManager$LoadPluginsTask.computeSequentially(PluginManager.java:420)
	at com.eviware.soapui.plugins.PluginManager$LoadPluginsTask.compute(PluginManager.java:377)
	at com.eviware.soapui.plugins.PluginManager$LoadPluginsTask.compute(PluginManager.java:365)
	at java.util.concurrent.RecursiveTask.exec(RecursiveTask.java:94)
	at java.util.concurrent.ForkJoinTask.doExec(ForkJoinTask.java:289)
	at java.util.concurrent.ForkJoinPool$WorkQueue.runTask(ForkJoinPool.java:1056)
	at java.util.concurrent.ForkJoinPool.runWorker(ForkJoinPool.java:1692)
	at java.util.concurrent.ForkJoinWorkerThread.run(ForkJoinWorkerThread.java:157)
2020-08-10 11:16:24,711 INFO  [PluginManager] Adding plugin from [C:\Users\AnithaRaman\.soapuios\plugins\ready-mqtt-plugin-dist.jar]
2020-08-10 11:16:25,414 ERROR [SoapUI] An error occurred [com.eviware.soapui.plugins.auto.factories.AutoImportMethodFactory], see error log for details
2020-08-10 11:16:25,418 ERROR [errorlog] java.lang.ClassNotFoundException: com.eviware.soapui.plugins.auto.factories.AutoImportMethodFactory
java.lang.ClassNotFoundException: com.eviware.soapui.plugins.auto.factories.AutoImportMethodFactory
	at org.codehaus.plexus.classworlds.strategy.SelfFirstStrategy.loadClass(SelfFirstStrategy.java:50)
	at org.codehaus.plexus.classworlds.realm.ClassRealm.unsynchronizedLoadClass(ClassRealm.java:271)
	at org.codehaus.plexus.classworlds.realm.ClassRealm.loadClass(ClassRealm.java:247)
	at org.codehaus.plexus.classworlds.realm.ClassRealm.loadClass(ClassRealm.java:239)
	at java.lang.Class.forName0(Native Method)
	at java.lang.Class.forName(Class.java:264)
	at com.eviware.soapui.plugins.LoaderBase.loadAutoFactories(LoaderBase.java:113)
	at com.eviware.soapui.plugins.LoaderBase.loadFactories(LoaderBase.java:80)
	at com.eviware.soapui.plugins.PluginLoader.loadPluginFactories(PluginLoader.java:141)
	at com.eviware.soapui.plugins.PluginLoader.loadPlugin(PluginLoader.java:104)
	at com.eviware.soapui.plugins.PluginLoader.loadPlugin(PluginLoader.java:54)
	at com.eviware.soapui.plugins.PluginManager.doInstallPlugin(PluginManager.java:141)
	at com.eviware.soapui.plugins.PluginManager.access$600(PluginManager.java:43)
	at com.eviware.soapui.plugins.PluginManager$LoadPluginsTask.computeSequentially(PluginManager.java:420)
	at com.eviware.soapui.plugins.PluginManager$LoadPluginsTask.compute(PluginManager.java:377)
	at com.eviware.soapui.plugins.PluginManager$LoadPluginsTask.compute(PluginManager.java:365)
	at java.util.concurrent.RecursiveTask.exec(RecursiveTask.java:94)
	at java.util.concurrent.ForkJoinTask.doExec(ForkJoinTask.java:289)
	at java.util.concurrent.ForkJoinPool$WorkQueue.runTask(ForkJoinPool.java:1056)
	at java.util.concurrent.ForkJoinPool.runWorker(ForkJoinPool.java:1692)
	at java.util.concurrent.ForkJoinWorkerThread.run(ForkJoinWorkerThread.java:157)
2020-08-10 11:16:26,019 ERROR [SoapUI] An error occurred [com.eviware.soapui.plugins.auto.factories.AutoDiscoveryMethodFactory], see error log for details
2020-08-10 11:16:26,026 ERROR [errorlog] java.lang.ClassNotFoundException: com.eviware.soapui.plugins.auto.factories.AutoDiscoveryMethodFactory
java.lang.ClassNotFoundException: com.eviware.soapui.plugins.auto.factories.AutoDiscoveryMethodFactory
	at org.codehaus.plexus.classworlds.strategy.SelfFirstStrategy.loadClass(SelfFirstStrategy.java:50)
	at org.codehaus.plexus.classworlds.realm.ClassRealm.unsynchronizedLoadClass(ClassRealm.java:271)
	at org.codehaus.plexus.classworlds.realm.ClassRealm.loadClass(ClassRealm.java:247)
	at org.codehaus.plexus.classworlds.realm.ClassRealm.loadClass(ClassRealm.java:239)
	at java.lang.Class.forName0(Native Method)
	at java.lang.Class.forName(Class.java:264)
	at com.eviware.soapui.plugins.LoaderBase.loadAutoFactories(LoaderBase.java:113)
	at com.eviware.soapui.plugins.LoaderBase.loadFactories(LoaderBase.java:80)
	at com.eviware.soapui.plugins.PluginLoader.loadPluginFactories(PluginLoader.java:141)
	at com.eviware.soapui.plugins.PluginLoader.loadPlugin(PluginLoader.java:104)
	at com.eviware.soapui.plugins.PluginLoader.loadPlugin(PluginLoader.java:54)
	at com.eviware.soapui.plugins.PluginManager.doInstallPlugin(PluginManager.java:141)
	at com.eviware.soapui.plugins.PluginManager.access$600(PluginManager.java:43)
	at com.eviware.soapui.plugins.PluginManager$LoadPluginsTask.computeSequentially(PluginManager.java:420)
	at com.eviware.soapui.plugins.PluginManager$LoadPluginsTask.compute(PluginManager.java:377)
	at com.eviware.soapui.plugins.PluginManager$LoadPluginsTask.compute(PluginManager.java:382)
	at com.eviware.soapui.plugins.PluginManager$LoadPluginsTask.compute(PluginManager.java:365)
	at java.util.concurrent.RecursiveTask.exec(RecursiveTask.java:94)
	at java.util.concurrent.ForkJoinTask.doExec(ForkJoinTask.java:289)
	at java.util.concurrent.ForkJoinPool$WorkQueue.runTask(ForkJoinPool.java:1056)
	at java.util.concurrent.ForkJoinPool.runWorker(ForkJoinPool.java:1692)
	at java.util.concurrent.ForkJoinWorkerThread.run(ForkJoinWorkerThread.java:157)
2020-08-10 11:16:26,201 ERROR [SoapUI] An error occurred [com.eviware.soapui.plugins.auto.factories.AutoImportMethodFactory], see error log for details
2020-08-10 11:16:26,203 ERROR [errorlog] java.lang.ClassNotFoundException: com.eviware.soapui.plugins.auto.factories.AutoImportMethodFactory
java.lang.ClassNotFoundException: com.eviware.soapui.plugins.auto.factories.AutoImportMethodFactory
	at org.codehaus.plexus.classworlds.strategy.SelfFirstStrategy.loadClass(SelfFirstStrategy.java:50)
	at org.codehaus.plexus.classworlds.realm.ClassRealm.unsynchronizedLoadClass(ClassRealm.java:271)
	at org.codehaus.plexus.classworlds.realm.ClassRealm.loadClass(ClassRealm.java:247)
	at org.codehaus.plexus.classworlds.realm.ClassRealm.loadClass(ClassRealm.java:239)
	at java.lang.Class.forName0(Native Method)
	at java.lang.Class.forName(Class.java:264)
	at com.eviware.soapui.plugins.LoaderBase.loadAutoFactories(LoaderBase.java:113)
	at com.eviware.soapui.plugins.LoaderBase.loadFactories(LoaderBase.java:80)
	at com.eviware.soapui.plugins.PluginLoader.loadPluginFactories(PluginLoader.java:141)
	at com.eviware.soapui.plugins.PluginLoader.loadPlugin(PluginLoader.java:104)
	at com.eviware.soapui.plugins.PluginLoader.loadPlugin(PluginLoader.java:54)
	at com.eviware.soapui.plugins.PluginManager.doInstallPlugin(PluginManager.java:141)
	at com.eviware.soapui.plugins.PluginManager.access$600(PluginManager.java:43)
	at com.eviware.soapui.plugins.PluginManager$LoadPluginsTask.computeSequentially(PluginManager.java:420)
	at com.eviware.soapui.plugins.PluginManager$LoadPluginsTask.compute(PluginManager.java:377)
	at com.eviware.soapui.plugins.PluginManager$LoadPluginsTask.compute(PluginManager.java:382)
	at com.eviware.soapui.plugins.PluginManager$LoadPluginsTask.compute(PluginManager.java:365)
	at java.util.concurrent.RecursiveTask.exec(RecursiveTask.java:94)
	at java.util.concurrent.ForkJoinTask.doExec(ForkJoinTask.java:289)
	at java.util.concurrent.ForkJoinPool$WorkQueue.runTask(ForkJoinPool.java:1056)
	at java.util.concurrent.ForkJoinPool.runWorker(ForkJoinPool.java:1692)
	at java.util.concurrent.ForkJoinWorkerThread.run(ForkJoinWorkerThread.java:157)
2020-08-10 11:16:26,373 INFO  [PluginManager] Adding plugin from [C:\Users\AnithaRaman\.soapuios\plugins\readyapi-swaggerhub-plugin-1.0.jar]
2020-08-10 11:16:27,233 ERROR [SoapUI] An error occurred [com.eviware.soapui.plugins.auto.factories.AutoDiscoveryMethodFactory], see error log for details
2020-08-10 11:16:27,234 ERROR [errorlog] java.lang.ClassNotFoundException: com.eviware.soapui.plugins.auto.factories.AutoDiscoveryMethodFactory
java.lang.ClassNotFoundException: com.eviware.soapui.plugins.auto.factories.AutoDiscoveryMethodFactory
	at org.codehaus.plexus.classworlds.strategy.SelfFirstStrategy.loadClass(SelfFirstStrategy.java:50)
	at org.codehaus.plexus.classworlds.realm.ClassRealm.unsynchronizedLoadClass(ClassRealm.java:271)
	at org.codehaus.plexus.classworlds.realm.ClassRealm.loadClass(ClassRealm.java:247)
	at org.codehaus.plexus.classworlds.realm.ClassRealm.loadClass(ClassRealm.java:239)
	at java.lang.Class.forName0(Native Method)
	at java.lang.Class.forName(Class.java:264)
	at com.eviware.soapui.plugins.LoaderBase.loadAutoFactories(LoaderBase.java:113)
	at com.eviware.soapui.plugins.LoaderBase.loadFactories(LoaderBase.java:80)
	at com.eviware.soapui.plugins.PluginLoader.loadPluginFactories(PluginLoader.java:141)
	at com.eviware.soapui.plugins.PluginLoader.loadPlugin(PluginLoader.java:104)
	at com.eviware.soapui.plugins.PluginLoader.loadPlugin(PluginLoader.java:54)
	at com.eviware.soapui.plugins.PluginManager.doInstallPlugin(PluginManager.java:141)
	at com.eviware.soapui.plugins.PluginManager.access$600(PluginManager.java:43)
	at com.eviware.soapui.plugins.PluginManager$LoadPluginsTask.computeSequentially(PluginManager.java:420)
	at com.eviware.soapui.plugins.PluginManager$LoadPluginsTask.compute(PluginManager.java:377)
	at com.eviware.soapui.plugins.PluginManager$LoadPluginsTask.compute(PluginManager.java:382)
	at com.eviware.soapui.plugins.PluginManager$LoadPluginsTask.compute(PluginManager.java:365)
	at java.util.concurrent.RecursiveTask.exec(RecursiveTask.java:94)
	at java.util.concurrent.ForkJoinTask.doExec(ForkJoinTask.java:289)
	at java.util.concurrent.ForkJoinPool$WorkQueue.runTask(ForkJoinPool.java:1056)
	at java.util.concurrent.ForkJoinPool.runWorker(ForkJoinPool.java:1692)
	at java.util.concurrent.ForkJoinWorkerThread.run(ForkJoinWorkerThread.java:157)
2020-08-10 11:16:27,480 ERROR [SoapUI] An error occurred [com.eviware.soapui.plugins.auto.factories.AutoImportMethodFactory], see error log for details
2020-08-10 11:16:27,490 ERROR [errorlog] java.lang.ClassNotFoundException: com.eviware.soapui.plugins.auto.factories.AutoImportMethodFactory
java.lang.ClassNotFoundException: com.eviware.soapui.plugins.auto.factories.AutoImportMethodFactory
	at org.codehaus.plexus.classworlds.strategy.SelfFirstStrategy.loadClass(SelfFirstStrategy.java:50)
	at org.codehaus.plexus.classworlds.realm.ClassRealm.unsynchronizedLoadClass(ClassRealm.java:271)
	at org.codehaus.plexus.classworlds.realm.ClassRealm.loadClass(ClassRealm.java:247)
	at org.codehaus.plexus.classworlds.realm.ClassRealm.loadClass(ClassRealm.java:239)
	at java.lang.Class.forName0(Native Method)
	at java.lang.Class.forName(Class.java:264)
	at com.eviware.soapui.plugins.LoaderBase.loadAutoFactories(LoaderBase.java:113)
	at com.eviware.soapui.plugins.LoaderBase.loadFactories(LoaderBase.java:80)
	at com.eviware.soapui.plugins.PluginLoader.loadPluginFactories(PluginLoader.java:141)
	at com.eviware.soapui.plugins.PluginLoader.loadPlugin(PluginLoader.java:104)
	at com.eviware.soapui.plugins.PluginLoader.loadPlugin(PluginLoader.java:54)
	at com.eviware.soapui.plugins.PluginManager.doInstallPlugin(PluginManager.java:141)
	at com.eviware.soapui.plugins.PluginManager.access$600(PluginManager.java:43)
	at com.eviware.soapui.plugins.PluginManager$LoadPluginsTask.computeSequentially(PluginManager.java:420)
	at com.eviware.soapui.plugins.PluginManager$LoadPluginsTask.compute(PluginManager.java:377)
	at com.eviware.soapui.plugins.PluginManager$LoadPluginsTask.compute(PluginManager.java:382)
	at com.eviware.soapui.plugins.PluginManager$LoadPluginsTask.compute(PluginManager.java:365)
	at java.util.concurrent.RecursiveTask.exec(RecursiveTask.java:94)
	at java.util.concurrent.ForkJoinTask.doExec(ForkJoinTask.java:289)
	at java.util.concurrent.ForkJoinPool$WorkQueue.runTask(ForkJoinPool.java:1056)
	at java.util.concurrent.ForkJoinPool.runWorker(ForkJoinPool.java:1692)
	at java.util.concurrent.ForkJoinWorkerThread.run(ForkJoinWorkerThread.java:157)
2020-08-10 11:16:27,751 INFO  [PluginManager] 4 plugins loaded in 5275 ms
2020-08-10 11:16:27,751 INFO  [DefaultSoapUICore] All plugins loaded
2020-08-10 11:16:30,286 INFO  [WsdlProject] Loaded project from [file:/C:/Users/AnithaRaman/Desktop/SDET/API/SOAP_Project/Project/my-app/catalogProductRepositoryV1-soapui-project.xml]
2020-08-10 11:16:30,296 INFO  [SoapUITestCaseRunner] Running SoapUI tests in project [catalogProductRepositoryV1]
2020-08-10 11:16:30,299 INFO  [SoapUITestCaseRunner] Running Project [catalogProductRepositoryV1], runType = SEQUENTIAL
2020-08-10 11:16:30,375 INFO  [SoapUITestCaseRunner] Running SoapUI testcase [CreateViewDeleteProduct]
2020-08-10 11:16:30,388 INFO  [SoapUITestCaseRunner] running step [CreateProduct]
2020-08-10 11:16:32,654 INFO  [SoapUITestCaseRunner] Assertion [SOAP Response] has status VALID
2020-08-10 11:16:32,654 INFO  [SoapUITestCaseRunner] running step [GetProduct]
2020-08-10 11:16:33,586 INFO  [SoapUITestCaseRunner] Assertion [SOAP Response] has status VALID
2020-08-10 11:16:33,590 INFO  [SoapUITestCaseRunner] running step [Delete]
2020-08-10 11:16:34,670 INFO  [SoapUITestCaseRunner] Assertion [SOAP Response] has status VALID
2020-08-10 11:16:34,677 INFO  [SoapUITestCaseRunner] Finished running SoapUI testcase [CreateViewDeleteProduct], time taken: 4257ms, status: FINISHED
2020-08-10 11:16:34,690 INFO  [SoapUITestCaseRunner] Running SoapUI testcase [Property Transfer CreateViewDeleteProduct]
2020-08-10 11:16:34,696 INFO  [SoapUITestCaseRunner] running step [CreateProduct]
2020-08-10 11:16:35,992 INFO  [SoapUITestCaseRunner] Assertion [SOAP Response] has status VALID
2020-08-10 11:16:36,010 INFO  [SoapUITestCaseRunner] running step [sku Transfer]
2020-08-10 11:16:36,451 INFO  [SoapUITestCaseRunner] running step [GetAllProducts]
2020-08-10 11:16:37,110 INFO  [SoapUITestCaseRunner] Assertion [SOAP Response] has status VALID
2020-08-10 11:16:37,111 INFO  [SoapUITestCaseRunner] running step [GetProduct]
2020-08-10 11:16:38,001 INFO  [SoapUITestCaseRunner] Assertion [SOAP Response] has status VALID
2020-08-10 11:16:38,004 INFO  [SoapUITestCaseRunner] running step [sku Transfer2]
2020-08-10 11:16:38,025 INFO  [SoapUITestCaseRunner] running step [Delete]
2020-08-10 11:16:38,979 INFO  [SoapUITestCaseRunner] Assertion [SOAP Response] has status VALID
2020-08-10 11:16:38,981 INFO  [SoapUITestCaseRunner] Finished running SoapUI testcase [Property Transfer CreateViewDeleteProduct], time taken: 4234ms, status: FINISHED
2020-08-10 11:16:38,989 INFO  [SoapUITestCaseRunner] Running SoapUI testcase [Script CreateViewDeleteProduct]
2020-08-10 11:16:38,993 INFO  [SoapUITestCaseRunner] running step [product Properties]
2020-08-10 11:16:39,006 INFO  [SoapUITestCaseRunner] running step [CreateProduct]
2020-08-10 11:16:40,787 INFO  [SoapUITestCaseRunner] Assertion [SOAP Response] has status VALID
2020-08-10 11:16:40,787 INFO  [SoapUITestCaseRunner] Assertion [Script Assertion] has status VALID
2020-08-10 11:16:40,792 INFO  [SoapUITestCaseRunner] running step [GetAllProducts]
2020-08-10 11:16:41,389 INFO  [SoapUITestCaseRunner] Assertion [SOAP Response] has status VALID
2020-08-10 11:16:41,405 INFO  [SoapUITestCaseRunner] running step [GetProduct]
2020-08-10 11:16:42,310 INFO  [SoapUITestCaseRunner] Assertion [SOAP Response] has status VALID
2020-08-10 11:16:42,310 INFO  [SoapUITestCaseRunner] running step [Delete]
2020-08-10 11:16:43,369 INFO  [SoapUITestCaseRunner] Assertion [SOAP Response] has status VALID
2020-08-10 11:16:43,370 INFO  [SoapUITestCaseRunner] Finished running SoapUI testcase [Script CreateViewDeleteProduct], time taken: 4331ms, status: FINISHED
2020-08-10 11:16:43,375 INFO  [SoapUITestCaseRunner] Running SoapUI testcase [Property Expansion CreateViewDeleteProduct]
2020-08-10 11:16:43,375 INFO  [SoapUITestCaseRunner] running step [product Properties]
2020-08-10 11:16:43,377 INFO  [SoapUITestCaseRunner] running step [CreateProduct]
2020-08-10 11:16:44,585 INFO  [SoapUITestCaseRunner] Assertion [SOAP Response] has status VALID
2020-08-10 11:16:44,586 INFO  [SoapUITestCaseRunner] running step [GetAllProducts]
2020-08-10 11:16:45,205 INFO  [SoapUITestCaseRunner] Assertion [SOAP Response] has status VALID
2020-08-10 11:16:45,205 INFO  [SoapUITestCaseRunner] running step [GetProduct]
2020-08-10 11:16:46,095 INFO  [SoapUITestCaseRunner] Assertion [SOAP Response] has status VALID
2020-08-10 11:16:46,100 INFO  [SoapUITestCaseRunner] running step [Delete]
2020-08-10 11:16:47,072 INFO  [SoapUITestCaseRunner] Assertion [SOAP Response] has status VALID
2020-08-10 11:16:47,074 INFO  [SoapUITestCaseRunner] Finished running SoapUI testcase [Property Expansion CreateViewDeleteProduct], time taken: 3684ms, status: FINISHED
2020-08-10 11:16:47,090 INFO  [SoapUITestCaseRunner] Running SoapUI testcase [ConditionalGoto CreateViewDeleteProduct]
2020-08-10 11:16:47,091 INFO  [SoapUITestCaseRunner] running step [product Properties]
2020-08-10 11:16:47,093 INFO  [SoapUITestCaseRunner] running step [CreateProduct]
2020-08-10 11:16:48,310 INFO  [SoapUITestCaseRunner] Assertion [SOAP Response] has status VALID
2020-08-10 11:16:48,311 INFO  [SoapUITestCaseRunner] running step [Conditional Goto]
2020-08-10 11:16:48,351 INFO  [SoapUITestCaseRunner] running step [GetProduct]
2020-08-10 11:16:49,856 INFO  [SoapUITestCaseRunner] Assertion [SOAP Response] has status VALID
2020-08-10 11:16:49,865 INFO  [SoapUITestCaseRunner] running step [Delete]
2020-08-10 11:16:51,078 INFO  [SoapUITestCaseRunner] Assertion [SOAP Response] has status VALID
2020-08-10 11:16:51,080 INFO  [SoapUITestCaseRunner] Finished running SoapUI testcase [ConditionalGoto CreateViewDeleteProduct], time taken: 3960ms, status: FINISHED
2020-08-10 11:16:51,085 INFO  [SoapUITestCaseRunner] Running SoapUI testcase [DataDriven]
2020-08-10 11:16:51,086 INFO  [SoapUITestCaseRunner] running step [Datadriven Testing]
2020-08-10 11:16:51,906 INFO  [log] 4 and 5
2020-08-10 11:16:51,964 INFO  [log] DTsr001
2020-08-10 11:16:51,964 INFO  [log] AR onePlus 7
2020-08-10 11:16:52,045 INFO  [SoapUITestCaseRunner] Running SoapUI testcase [Property Expansion CreateViewDeleteProduct]
2020-08-10 11:16:52,073 INFO  [SoapUITestCaseRunner] running step [product Properties]
2020-08-10 11:16:52,078 INFO  [SoapUITestCaseRunner] running step [CreateProduct]
2020-08-10 11:16:53,838 INFO  [SoapUITestCaseRunner] Assertion [SOAP Response] has status VALID
2020-08-10 11:16:53,839 INFO  [SoapUITestCaseRunner] running step [GetAllProducts]
2020-08-10 11:16:54,716 INFO  [SoapUITestCaseRunner] Assertion [SOAP Response] has status VALID
2020-08-10 11:16:54,716 INFO  [SoapUITestCaseRunner] running step [GetProduct]
2020-08-10 11:16:56,049 INFO  [SoapUITestCaseRunner] Assertion [SOAP Response] has status VALID
2020-08-10 11:16:56,049 INFO  [SoapUITestCaseRunner] running step [Delete]
2020-08-10 11:16:57,575 INFO  [SoapUITestCaseRunner] Assertion [SOAP Response] has status VALID
2020-08-10 11:16:57,577 INFO  [SoapUITestCaseRunner] Finished running SoapUI testcase [Property Expansion CreateViewDeleteProduct], time taken: 5487ms, status: FINISHED
2020-08-10 11:16:57,583 INFO  [log] Status: FINISHED, time taken for TestCase was: 5487 ms
2020-08-10 11:16:57,607 INFO  [log] Number of test steps which ran: 5
2020-08-10 11:16:57,619 INFO  [log] DTsr002
2020-08-10 11:16:57,619 INFO  [log] AR onePlus 8
2020-08-10 11:16:57,622 INFO  [SoapUITestCaseRunner] Running SoapUI testcase [Property Expansion CreateViewDeleteProduct]
2020-08-10 11:16:57,624 INFO  [SoapUITestCaseRunner] running step [product Properties]
2020-08-10 11:16:57,624 INFO  [SoapUITestCaseRunner] running step [CreateProduct]
2020-08-10 11:16:59,435 INFO  [SoapUITestCaseRunner] Assertion [SOAP Response] has status VALID
2020-08-10 11:16:59,436 INFO  [SoapUITestCaseRunner] running step [GetAllProducts]
2020-08-10 11:17:00,154 INFO  [SoapUITestCaseRunner] Assertion [SOAP Response] has status VALID
2020-08-10 11:17:00,159 INFO  [SoapUITestCaseRunner] running step [GetProduct]
2020-08-10 11:17:01,591 INFO  [SoapUITestCaseRunner] Assertion [SOAP Response] has status VALID
2020-08-10 11:17:01,591 INFO  [SoapUITestCaseRunner] running step [Delete]
2020-08-10 11:17:03,265 INFO  [SoapUITestCaseRunner] Assertion [SOAP Response] has status VALID
2020-08-10 11:17:03,267 INFO  [SoapUITestCaseRunner] Finished running SoapUI testcase [Property Expansion CreateViewDeleteProduct], time taken: 5620ms, status: FINISHED
2020-08-10 11:17:03,270 INFO  [log] Status: FINISHED, time taken for TestCase was: 5620 ms
2020-08-10 11:17:03,276 INFO  [log] Number of test steps which ran: 5
2020-08-10 11:17:03,277 INFO  [log] DTsr003
2020-08-10 11:17:03,279 INFO  [log] AR MacBook
2020-08-10 11:17:03,280 INFO  [SoapUITestCaseRunner] Running SoapUI testcase [Property Expansion CreateViewDeleteProduct]
2020-08-10 11:17:03,283 INFO  [SoapUITestCaseRunner] running step [product Properties]
2020-08-10 11:17:03,285 INFO  [SoapUITestCaseRunner] running step [CreateProduct]
2020-08-10 11:17:04,878 INFO  [SoapUITestCaseRunner] Assertion [SOAP Response] has status VALID
2020-08-10 11:17:04,879 INFO  [SoapUITestCaseRunner] running step [GetAllProducts]
2020-08-10 11:17:05,698 INFO  [SoapUITestCaseRunner] Assertion [SOAP Response] has status VALID
2020-08-10 11:17:05,699 INFO  [SoapUITestCaseRunner] running step [GetProduct]
2020-08-10 11:17:07,038 INFO  [SoapUITestCaseRunner] Assertion [SOAP Response] has status VALID
2020-08-10 11:17:07,039 INFO  [SoapUITestCaseRunner] running step [Delete]
2020-08-10 11:17:08,471 INFO  [SoapUITestCaseRunner] Assertion [SOAP Response] has status VALID
2020-08-10 11:17:08,473 INFO  [SoapUITestCaseRunner] Finished running SoapUI testcase [Property Expansion CreateViewDeleteProduct], time taken: 5178ms, status: FINISHED
2020-08-10 11:17:08,479 INFO  [log] Status: FINISHED, time taken for TestCase was: 5178 ms
2020-08-10 11:17:08,480 INFO  [log] Number of test steps which ran: 5
2020-08-10 11:17:08,482 INFO  [SoapUITestCaseRunner] Finished running SoapUI testcase [DataDriven], time taken: 17391ms, status: FINISHED
2020-08-10 11:17:08,490 INFO  [SoapUITestCaseRunner] Running SoapUI testcase [Database Testing]
2020-08-10 11:17:08,496 INFO  [SoapUITestCaseRunner] running step [DataBase Connection]
2020-08-10 11:17:08,997 INFO  [log] <Results>
    <ResultSet fetchSize="0">
        <Row rowNumber="1">
            <PRODUCTS.SKU>DBsku001</PRODUCTS.SKU>
            <PRODUCTS.NAME>AR Apple ipad</PRODUCTS.NAME>
            <PRODUCTS.PRICE>40000</PRODUCTS.PRICE>
            <PRODUCTS.ATTRIBUTESETID>4</PRODUCTS.ATTRIBUTESETID>
            <PRODUCTS.TYPEID>simple</PRODUCTS.TYPEID>
        </Row>
        <Row rowNumber="2">
            <PRODUCTS.SKU>DBsku002</PRODUCTS.SKU>
            <PRODUCTS.NAME>AR Apple macbook</PRODUCTS.NAME>
            <PRODUCTS.PRICE>940000</PRODUCTS.PRICE>
            <PRODUCTS.ATTRIBUTESETID>4</PRODUCTS.ATTRIBUTESETID>
            <PRODUCTS.TYPEID>simple</PRODUCTS.TYPEID>
        </Row>
    </ResultSet>
</Results>

2020-08-10 11:17:09,153 INFO  [SoapUITestCaseRunner] Assertion [Script Assertion] has status VALID
2020-08-10 11:17:09,154 INFO  [SoapUITestCaseRunner] Assertion [XPath Match] has status VALID
2020-08-10 11:17:09,158 INFO  [SoapUITestCaseRunner] running step [DatabaseScript]
2020-08-10 11:17:09,356 INFO  [log] 2
2020-08-10 11:17:09,471 INFO  [log] 1
2020-08-10 11:17:09,476 INFO  [log] DBsku001
2020-08-10 11:17:09,490 INFO  [log] AR Apple ipad
2020-08-10 11:17:09,498 INFO  [SoapUITestCaseRunner] Running SoapUI testcase [Property Expansion CreateViewDeleteProduct]
2020-08-10 11:17:09,499 INFO  [SoapUITestCaseRunner] running step [product Properties]
2020-08-10 11:17:09,503 INFO  [SoapUITestCaseRunner] running step [CreateProduct]
2020-08-10 11:17:10,972 INFO  [SoapUITestCaseRunner] Assertion [SOAP Response] has status VALID
2020-08-10 11:17:10,972 INFO  [SoapUITestCaseRunner] running step [GetAllProducts]
2020-08-10 11:17:11,576 INFO  [SoapUITestCaseRunner] Assertion [SOAP Response] has status VALID
2020-08-10 11:17:11,581 INFO  [SoapUITestCaseRunner] running step [GetProduct]
2020-08-10 11:17:12,746 INFO  [SoapUITestCaseRunner] Assertion [SOAP Response] has status VALID
2020-08-10 11:17:12,747 INFO  [SoapUITestCaseRunner] running step [Delete]
2020-08-10 11:17:14,074 INFO  [SoapUITestCaseRunner] Assertion [SOAP Response] has status VALID
2020-08-10 11:17:14,078 INFO  [SoapUITestCaseRunner] Finished running SoapUI testcase [Property Expansion CreateViewDeleteProduct], time taken: 4561ms, status: FINISHED
2020-08-10 11:17:14,079 INFO  [log] Status: FINISHED, time taken for TestCase was: 4561 ms
2020-08-10 11:17:14,081 INFO  [log] Number of test steps which ran: 5
2020-08-10 11:17:14,110 INFO  [log] 2
2020-08-10 11:17:14,115 INFO  [log] DBsku002
2020-08-10 11:17:14,117 INFO  [log] AR Apple macbook
2020-08-10 11:17:14,118 INFO  [SoapUITestCaseRunner] Running SoapUI testcase [Property Expansion CreateViewDeleteProduct]
2020-08-10 11:17:14,120 INFO  [SoapUITestCaseRunner] running step [product Properties]
2020-08-10 11:17:14,136 INFO  [SoapUITestCaseRunner] running step [CreateProduct]
2020-08-10 11:17:15,687 INFO  [SoapUITestCaseRunner] Assertion [SOAP Response] has status VALID
2020-08-10 11:17:15,687 INFO  [SoapUITestCaseRunner] running step [GetAllProducts]
2020-08-10 11:17:16,650 INFO  [SoapUITestCaseRunner] Assertion [SOAP Response] has status VALID
2020-08-10 11:17:16,654 INFO  [SoapUITestCaseRunner] running step [GetProduct]
2020-08-10 11:17:17,890 INFO  [SoapUITestCaseRunner] Assertion [SOAP Response] has status VALID
2020-08-10 11:17:17,891 INFO  [SoapUITestCaseRunner] running step [Delete]
2020-08-10 11:17:19,269 INFO  [SoapUITestCaseRunner] Assertion [SOAP Response] has status VALID
2020-08-10 11:17:19,270 INFO  [SoapUITestCaseRunner] Finished running SoapUI testcase [Property Expansion CreateViewDeleteProduct], time taken: 5119ms, status: FINISHED
2020-08-10 11:17:19,272 INFO  [log] Status: FINISHED, time taken for TestCase was: 5119 ms
2020-08-10 11:17:19,275 INFO  [log] Number of test steps which ran: 5
2020-08-10 11:17:19,280 INFO  [SoapUITestCaseRunner] Finished running SoapUI testcase [Database Testing], time taken: 10505ms, status: FINISHED
2020-08-10 11:17:19,290 INFO  [SoapUITestCaseRunner] Running SoapUI testcase [TestCase 1]
2020-08-10 11:17:19,291 INFO  [SoapUITestCaseRunner] running step [Groovy Script]
2020-08-10 11:17:19,365 INFO  [SoapUITestCaseRunner] Running SoapUI testcase [Property Expansion CreateViewDeleteProduct]
2020-08-10 11:17:19,366 INFO  [SoapUITestCaseRunner] running step [product Properties]
2020-08-10 11:17:19,368 INFO  [SoapUITestCaseRunner] running step [CreateProduct]
2020-08-10 11:17:20,987 INFO  [SoapUITestCaseRunner] Assertion [SOAP Response] has status VALID
2020-08-10 11:17:20,987 INFO  [SoapUITestCaseRunner] running step [GetAllProducts]
2020-08-10 11:17:21,551 INFO  [SoapUITestCaseRunner] Assertion [SOAP Response] has status VALID
2020-08-10 11:17:21,551 INFO  [SoapUITestCaseRunner] running step [GetProduct]
2020-08-10 11:17:22,747 INFO  [SoapUITestCaseRunner] Assertion [SOAP Response] has status VALID
2020-08-10 11:17:22,750 INFO  [SoapUITestCaseRunner] running step [Delete]
2020-08-10 11:17:24,153 INFO  [SoapUITestCaseRunner] Assertion [SOAP Response] has status VALID
2020-08-10 11:17:24,153 INFO  [SoapUITestCaseRunner] Finished running SoapUI testcase [Property Expansion CreateViewDeleteProduct], time taken: 4773ms, status: FINISHED
2020-08-10 11:17:24,155 INFO  [log] Status: FINISHED, time taken for TestCase was: 4773 ms
2020-08-10 11:17:24,158 INFO  [log] Number of test steps which ran: 5
2020-08-10 11:17:24,163 INFO  [SoapUITestCaseRunner] Finished running SoapUI testcase [TestCase 1], time taken: 4868ms, status: FINISHED
2020-08-10 11:17:24,165 INFO  [SoapUITestCaseRunner] Project [catalogProductRepositoryV1] finished with status [FINISHED] in 53850ms
2020-08-10 11:19:34,587 WARN  [Tools] Could not delete temporary directory C:\Users\ANITHA~1\AppData\Local\Temp\3b4bc938-bd25-4bb8-a0a6-b85a1d0e844e
2020-08-10 11:19:34,590 WARN  [Tools] Could not delete temporary directory C:\Users\ANITHA~1\AppData\Local\Temp\6825c851-5adc-46b2-a2cb-7b25e92003d0
